


ARM Macro Assembler    Page 1 


    1 00000000         ; This code is based upon InputOutput.s from the book:
    2 00000000         ;  "Embedded Systems: Introduction to ARM Cortex M Micro
                       controllers"
    3 00000000         ;  ISBN: 978-1469998749, Jonathan Valvano, copyright (c)
                        2014
    4 00000000         ;
    5 00000000         ; Dec 2017
    6 00000000         ;
    7 00000000         ; Code completed by : NAVEELA SOOKOO
    8 00000000         ;
    9 00000000         ; Basic Tiva I/O is on port F with a particular bit assi
                       gned / wired to a light or switch
   10 00000000         ; 
   11 00000000 00000002 
                       RED     EQU              0x02        ; bit 1
   12 00000000 00000004 
                       BLUE    EQU              0x04        ; bit 2
   13 00000000 00000008 
                       GREEN   EQU              0x08        ; bit 3
   14 00000000 00000010 
                       SW1     EQU              0x10        ; bit 4, on the lef
                                                            t side of the Launc
                                                            hpad board
   15 00000000 00000001 
                       SW2     EQU              0x01        ; bit 0, on the rig
                                                            ht side of the Laun
                                                            chpad board
   16 00000000         
   17 00000000         ; Port F data register to write to the LEDs and read the
                        switches
   18 00000000         ;
   19 00000000 400253FC 
                       GPIO_PORTF_DATA_R
                               EQU              0x400253FC  ; register to write
                                                             to outputs on the 
                                                            port and read input
                                                            s on the port
   20 00000000         
   21 00000000                 AREA             |.text|, CODE, READONLY, ALIGN=
2
   22 00000000                 THUMB
   23 00000000                 EXPORT           Start
   24 00000000         
   25 00000000         
   26 00000000 00002710 
                       SOMEDELAY
                               EQU              10000       ; faster than 500ms
                                                             delay at ~16 MHz c
                                                            lock - inaccurate -
                                                             adjust it to get i
                                                            t right
   27 00000000         ;2750000
   28 00000000         
   29 00000000         Start
   30 00000000 F000 F80C       BL               PortF_Init  ; initialize input 
                                                            and output pins of 
                                                            Port F
   31 00000004         
   32 00000004 F04F 0302       MOV              R3, #RED    ; load in the value



ARM Macro Assembler    Page 2 


                                                             to turn the RED le
                                                            d ON, RED LED is bi
                                                            t 1 (counting from 
                                                            0)
   33 00000008 4918            LDR              R1, =GPIO_PORTF_DATA_R ; pointe
                                                            r to Port F data re
                                                            gister
   34 0000000A 600B            STR              R3, [R1]    ; write data to Por
                                                            t F to turn lights 
                                                            on and off
   35 0000000C         
   36 0000000C         loop1
   37 0000000C F242 7010       LDR              R0, =SOMEDELAY ; R0 is initiali
                                                            zed to a value to g
                                                            ive a 500ms delay
   38 00000010         loop2
   39 00000010 1E40            SUBS             R0, R0, #1  ; R0 = R0 - 1 (coun
                                                            t = count - 1) and 
                                                            set N, Z, C status 
                                                            bits
   40 00000012         ; Note: For SUBs the "s" suffix means to set the status 
                       bits, without this the loops would not exit
   41 00000012         
   42 00000012 D1FD            BNE              loop2
   43 00000014         
   44 00000014 F083 0302       EOR              R3, R3, #0x02 ;0x02 XOR 0x02 = 
                                                            0x00      0x00 XOR 
                                                            0x02 = 0x02        
                                                            
   45 00000018         
   46 00000018         ;  five or more lines of code are needed to complete the
                        program
   47 00000018         
   48 00000018         ; To turn off the LED(s) simply write 0 to the Port F da
                       ta register
   49 00000018         ;
   50 00000018         ; Note the program is much shorter using a toggle functi
                       on
   51 00000018         ; If a toggle function is not used then more than 5 line
                       s of code are required.
   52 00000018         ; Note: a dedicated register to hold GPIO_PORTF_DATA_R c
                       an be used to save re-loading it to do the write
   53 00000018         
   54 00000018 600B            STR              R3, [R1]    ; write data to Por
                                                            t F
   55 0000001A         
   56 0000001A         ; watch out - the LED must be turned on - then a delay u
                       sed and then it must be turned off and another delay use
                       d.
   57 0000001A         ;
   58 0000001A         ; If the delay is too short the LED will look as if it i
                       s on constantly and
   59 0000001A         ; if the delay is too long then the user might have to w
                       ait hours+ for it to change
   60 0000001A         
   61 0000001A E7F7            B                loop1
   62 0000001C         
   63 0000001C         ;;;;;;;;;;;;;;;;;;;;;;;;;;;;;;;;;;;;;;;;;;;;;;;;;;;;;;;;
                       ;;;;;;;;;;;



ARM Macro Assembler    Page 3 


   64 0000001C         ;;;;                                                    
                              ;;;;
   65 0000001C         ;;;;                     ADD R4, R4, R2                 
                              ;;;;
   66 0000001C         ;;;;                                                    
                              ;;;;
   67 0000001C         ;;;;          0000 00 0 0100 0 0100 0100 00000000 0010  
                              ;;;;
   68 0000001C         ;;;;                                                    
                              ;;;;
   69 0000001C         ;;;;;;;;;;;;;;;;;;;;;;;;;;;;;;;;;;;;;;;;;;;;;;;;;;;;;;;;
                       ;;;;;;;;;;;
   70 0000001C         
   71 0000001C         
   72 0000001C         ;
   73 0000001C         ;  Setup Code for the Tiva board
   74 0000001C         ;
   75 0000001C         ;   DO NOT EDIT ANYTHING BELOW THIS !
   76 0000001C         ;
   77 0000001C         ; NOTE: The NMI (non-maskable interrupt) is on PF0.  Tha
                       t means that
   78 0000001C         ; the Alternate Function Select, Pull-Up Resistor, Pull-
                       Down Resistor,
   79 0000001C         ; and Digital Enable are all locked for PF0 until a valu
                       e of 0x4C4F434B
   80 0000001C         ; is written to the Port F GPIO Lock Register.  After Po
                       rt F is
   81 0000001C         ; unlocked, bit 0 of the Port F GPIO Commit Register mus
                       t be set to
   82 0000001C         ; allow access to PF0's control registers.  On the LM4F1
                       20, the other
   83 0000001C         ; bits of the Port F GPIO Commit Register are hard-wired
                        to 1, meaning
   84 0000001C         ; that the rest of Port F can always be freely re-config
                       ured at any
   85 0000001C         ; time.  Requiring this procedure makes it unlikely to a
                       ccidentally
   86 0000001C         ; re-configure the JTAG and NMI pins as GPIO, which can 
                       lock the
   87 0000001C         ; debugger out of the processor and make it permanently 
                       unable to be
   88 0000001C         ; debugged or re-programmed.
   89 0000001C         
   90 0000001C 40025400 
                       GPIO_PORTF_DIR_R
                               EQU              0x40025400  ; register to set t
                                                            he direction of eac
                                                            h output pin on the
                                                             port
   91 0000001C 40025420 
                       GPIO_PORTF_AFSEL_R
                               EQU              0x40025420
   92 0000001C 40025510 
                       GPIO_PORTF_PUR_R
                               EQU              0x40025510
   93 0000001C 4002551C 
                       GPIO_PORTF_DEN_R
                               EQU              0x4002551C
   94 0000001C 40025520 



ARM Macro Assembler    Page 4 


                       GPIO_PORTF_LOCK_R
                               EQU              0x40025520
   95 0000001C 40025524 
                       GPIO_PORTF_CR_R
                               EQU              0x40025524
   96 0000001C 40025528 
                       GPIO_PORTF_AMSEL_R
                               EQU              0x40025528
   97 0000001C 4002552C 
                       GPIO_PORTF_PCTL_R
                               EQU              0x4002552C
   98 0000001C 4C4F434B 
                       GPIO_LOCK_KEY
                               EQU              0x4C4F434B  ; Unlocks the GPIO_
                                                            CR register
   99 0000001C 400FE608 
                       SYSCTL_RCGCGPIO_R
                               EQU              0x400FE608
  100 0000001C         
  101 0000001C         ;------------PortF_Init------------
  102 0000001C         ; Initialize GPIO Port F for negative logic switches on 
                       PF0 and
  103 0000001C         ; PF4 as the Launchpad is wired.  Weak internal pull-up
  104 0000001C         ; resistors are enabled, and the NMI functionality on PF
                       0 is
  105 0000001C         ; disabled.  Make the RGB LED's pins outputs.
  106 0000001C         ; Input: none
  107 0000001C         ; Output: none
  108 0000001C         ; Modifies: R0, R1, R2
  109 0000001C         PortF_Init
  110 0000001C 4914            LDR              R1, =SYSCTL_RCGCGPIO_R ; 1) act
                                                            ivate clock for Por
                                                            t F
  111 0000001E 6808            LDR              R0, [R1]
  112 00000020 F040 0020       ORR              R0, R0, #0x20 ; set bit 5 to tu
                                                            rn on clock
  113 00000024 6008            STR              R0, [R1]
  114 00000026 BF00            NOP
  115 00000028 BF00            NOP                          ; allow time for cl
                                                            ock to finish
  116 0000002A 4912            LDR              R1, =GPIO_PORTF_LOCK_R ; 2) unl
                                                            ock the lock regist
                                                            er
  117 0000002C 4812            LDR              R0, =0x4C4F434B ; unlock GPIO P
                                                            ort F Commit Regist
                                                            er
  118 0000002E 6008            STR              R0, [R1]
  119 00000030 4912            LDR              R1, =GPIO_PORTF_CR_R ; enable c
                                                            ommit for Port F
  120 00000032 F04F 00FF       MOV              R0, #0xFF   ; 1 means allow acc
                                                            ess
  121 00000036 6008            STR              R0, [R1]
  122 00000038 4911            LDR              R1, =GPIO_PORTF_AMSEL_R ; 3) di
                                                            sable analog functi
                                                            onality
  123 0000003A F04F 0000       MOV              R0, #0      ; 0 means analog is
                                                             off
  124 0000003E 6008            STR              R0, [R1]
  125 00000040 4910            LDR              R1, =GPIO_PORTF_PCTL_R ; 4) con



ARM Macro Assembler    Page 5 


                                                            figure as GPIO
  126 00000042 F04F 0000       MOV              R0, #0x00000000 ; 0 means confi
                                                            gure Port F as GPIO
                                                            
  127 00000046 6008            STR              R0, [R1]
  128 00000048 490F            LDR              R1, =GPIO_PORTF_DIR_R ; 5) set 
                                                            direction register
  129 0000004A F04F 000E       MOV              R0,#0x0E    ; PF0 and PF7-4 inp
                                                            ut, PF3-1 output
  130 0000004E 6008            STR              R0, [R1]
  131 00000050 490E            LDR              R1, =GPIO_PORTF_AFSEL_R ; 6) re
                                                            gular port function
                                                            
  132 00000052 F04F 0000       MOV              R0, #0      ; 0 means disable a
                                                            lternate function 
  133 00000056 6008            STR              R0, [R1]
  134 00000058 490D            LDR              R1, =GPIO_PORTF_PUR_R ; pull-up
                                                             resistors for PF4,
                                                            PF0
  135 0000005A F04F 0011       MOV              R0, #0x11   ; enable weak pull-
                                                            up on PF0 and PF4
  136 0000005E 6008            STR              R0, [R1]
  137 00000060 490C            LDR              R1, =GPIO_PORTF_DEN_R ; 7) enab
                                                            le Port F digital p
                                                            ort
  138 00000062 F04F 00FF       MOV              R0, #0xFF   ; 1 means enable di
                                                            gital I/O
  139 00000066 6008            STR              R0, [R1]
  140 00000068 4770            BX               LR
  141 0000006A         
  142 0000006A 00 00           ALIGN                        ; make sure the end
                                                             of this section is
                                                             aligned
  143 0000006C                 END                          ; end of file
              400253FC 
              400FE608 
              40025520 
              4C4F434B 
              40025524 
              40025528 
              4002552C 
              40025400 
              40025420 
              40025510 
              4002551C 
Command Line: --debug --xref --diag_suppress=9931 --cpu=Cortex-M4.fp --apcs=int
erwork --depend=.\objects\lab1_tiva_template.d -o.\objects\lab1_tiva_template.o
 -I.\RTE\_Target_1 -IC:\Users\navey\AppData\Local\Keil\TM4C_DFP\1.1.0\Device\In
clude\TM4C123 -IC:\Keil_v5\ARM\CMSIS\Include --predefine="__EVAL SETA 1" --pred
efine="__UVISION_VERSION SETA 528" --predefine="TM4C123GH6PM SETA 1" --list=.\l
istings\lab1_tiva_template.lst lab1_tiva_template.s



ARM Macro Assembler    Page 1 Alphabetic symbol ordering
Relocatable symbols

.text 00000000

Symbol: .text
   Definitions
      At line 21 in file lab1_tiva_template.s
   Uses
      None
Comment: .text unused
PortF_Init 0000001C

Symbol: PortF_Init
   Definitions
      At line 109 in file lab1_tiva_template.s
   Uses
      At line 30 in file lab1_tiva_template.s
Comment: PortF_Init used once
Start 00000000

Symbol: Start
   Definitions
      At line 29 in file lab1_tiva_template.s
   Uses
      At line 23 in file lab1_tiva_template.s
Comment: Start used once
loop1 0000000C

Symbol: loop1
   Definitions
      At line 36 in file lab1_tiva_template.s
   Uses
      At line 61 in file lab1_tiva_template.s
Comment: loop1 used once
loop2 00000010

Symbol: loop2
   Definitions
      At line 38 in file lab1_tiva_template.s
   Uses
      At line 42 in file lab1_tiva_template.s
Comment: loop2 used once
5 symbols



ARM Macro Assembler    Page 1 Alphabetic symbol ordering
Absolute symbols

BLUE 00000004

Symbol: BLUE
   Definitions
      At line 12 in file lab1_tiva_template.s
   Uses
      None
Comment: BLUE unused
GPIO_LOCK_KEY 4C4F434B

Symbol: GPIO_LOCK_KEY
   Definitions
      At line 98 in file lab1_tiva_template.s
   Uses
      None
Comment: GPIO_LOCK_KEY unused
GPIO_PORTF_AFSEL_R 40025420

Symbol: GPIO_PORTF_AFSEL_R
   Definitions
      At line 91 in file lab1_tiva_template.s
   Uses
      At line 131 in file lab1_tiva_template.s
Comment: GPIO_PORTF_AFSEL_R used once
GPIO_PORTF_AMSEL_R 40025528

Symbol: GPIO_PORTF_AMSEL_R
   Definitions
      At line 96 in file lab1_tiva_template.s
   Uses
      At line 122 in file lab1_tiva_template.s
Comment: GPIO_PORTF_AMSEL_R used once
GPIO_PORTF_CR_R 40025524

Symbol: GPIO_PORTF_CR_R
   Definitions
      At line 95 in file lab1_tiva_template.s
   Uses
      At line 119 in file lab1_tiva_template.s
Comment: GPIO_PORTF_CR_R used once
GPIO_PORTF_DATA_R 400253FC

Symbol: GPIO_PORTF_DATA_R
   Definitions
      At line 19 in file lab1_tiva_template.s
   Uses
      At line 33 in file lab1_tiva_template.s
Comment: GPIO_PORTF_DATA_R used once
GPIO_PORTF_DEN_R 4002551C

Symbol: GPIO_PORTF_DEN_R
   Definitions
      At line 93 in file lab1_tiva_template.s
   Uses
      At line 137 in file lab1_tiva_template.s
Comment: GPIO_PORTF_DEN_R used once
GPIO_PORTF_DIR_R 40025400

Symbol: GPIO_PORTF_DIR_R



ARM Macro Assembler    Page 2 Alphabetic symbol ordering
Absolute symbols

   Definitions
      At line 90 in file lab1_tiva_template.s
   Uses
      At line 128 in file lab1_tiva_template.s
Comment: GPIO_PORTF_DIR_R used once
GPIO_PORTF_LOCK_R 40025520

Symbol: GPIO_PORTF_LOCK_R
   Definitions
      At line 94 in file lab1_tiva_template.s
   Uses
      At line 116 in file lab1_tiva_template.s
Comment: GPIO_PORTF_LOCK_R used once
GPIO_PORTF_PCTL_R 4002552C

Symbol: GPIO_PORTF_PCTL_R
   Definitions
      At line 97 in file lab1_tiva_template.s
   Uses
      At line 125 in file lab1_tiva_template.s
Comment: GPIO_PORTF_PCTL_R used once
GPIO_PORTF_PUR_R 40025510

Symbol: GPIO_PORTF_PUR_R
   Definitions
      At line 92 in file lab1_tiva_template.s
   Uses
      At line 134 in file lab1_tiva_template.s
Comment: GPIO_PORTF_PUR_R used once
GREEN 00000008

Symbol: GREEN
   Definitions
      At line 13 in file lab1_tiva_template.s
   Uses
      None
Comment: GREEN unused
RED 00000002

Symbol: RED
   Definitions
      At line 11 in file lab1_tiva_template.s
   Uses
      At line 32 in file lab1_tiva_template.s
Comment: RED used once
SOMEDELAY 00002710

Symbol: SOMEDELAY
   Definitions
      At line 26 in file lab1_tiva_template.s
   Uses
      At line 37 in file lab1_tiva_template.s
Comment: SOMEDELAY used once
SW1 00000010

Symbol: SW1
   Definitions
      At line 14 in file lab1_tiva_template.s
   Uses



ARM Macro Assembler    Page 3 Alphabetic symbol ordering
Absolute symbols

      None
Comment: SW1 unused
SW2 00000001

Symbol: SW2
   Definitions
      At line 15 in file lab1_tiva_template.s
   Uses
      None
Comment: SW2 unused
SYSCTL_RCGCGPIO_R 400FE608

Symbol: SYSCTL_RCGCGPIO_R
   Definitions
      At line 99 in file lab1_tiva_template.s
   Uses
      At line 110 in file lab1_tiva_template.s
Comment: SYSCTL_RCGCGPIO_R used once
17 symbols
358 symbols in table
